<?xml version="1.0" encoding="UTF-8"?>
<!-- Generated by org.testng.reporters.JUnitReportReporter -->
<testsuite skipped="0" hostname="PINNACLE-QA2L" name="com.qa.runner.TestRunner" tests="1" failures="0" timestamp="2021-09-16T15:05:27 IST" time="13.287" errors="0">
  <testcase name="feature" time="13.287" classname="com.qa.runner.TestRunner"/>
  <system-out/>
</testsuite> <!-- com.qa.runner.TestRunner -->
